<?xml version="1.0" encoding="UTF-8"?>
<coverage generated="1584578991039" clover="3.2.0">
  <project timestamp="1584578991039" name="All files">
    <metrics statements="22" coveredstatements="16" conditionals="12" coveredconditionals="5" methods="2" coveredmethods="2" elements="36" coveredelements="23" complexity="0" loc="22" ncloc="22" packages="1" files="1" classes="1"/>
    <file name="input.js" path="/mnt/c/users/tamir/codefellows/401/notes/lib/input.js">
      <metrics statements="22" coveredstatements="16" conditionals="12" coveredconditionals="5" methods="2" coveredmethods="2"/>
      <line num="3" count="1" type="stmt"/>
      <line num="6" count="5" type="stmt"/>
      <line num="8" count="5" type="stmt"/>
      <line num="10" count="5" type="stmt"/>
      <line num="12" count="5" type="stmt"/>
      <line num="13" count="8" type="stmt"/>
      <line num="14" count="8" type="stmt"/>
      <line num="16" count="8" type="cond" truecount="4" falsecount="0"/>
      <line num="20" count="2" type="stmt"/>
      <line num="21" count="2" type="stmt"/>
      <line num="23" count="6" type="stmt"/>
      <line num="26" count="8" type="stmt"/>
      <line num="32" count="1" type="stmt"/>
      <line num="33" count="5" type="cond" truecount="1" falsecount="1"/>
      <line num="34" count="5" type="stmt"/>
      <line num="35" count="0" type="cond" truecount="0" falsecount="2"/>
      <line num="36" count="0" type="stmt"/>
      <line num="37" count="0" type="cond" truecount="0" falsecount="2"/>
      <line num="39" count="0" type="cond" truecount="0" falsecount="2"/>
      <line num="40" count="0" type="stmt"/>
      <line num="42" count="0" type="stmt"/>
      <line num="46" count="1" type="stmt"/>
    </file>
  </project>
</coverage>
