{"/mnt/c/users/tamir/codefellows/401/notes/lib/input.js": {"path":"/mnt/c/users/tamir/codefellows/401/notes/lib/input.js","statementMap":{"0":{"start":{"line":3,"column":17},"end":{"line":3,"column":36}},"1":{"start":{"line":6,"column":18},"end":{"line":6,"column":32}},"2":{"start":{"line":8,"column":2},"end":{"line":8,"column":20}},"3":{"start":{"line":10,"column":15},"end":{"line":10,"column":37}},"4":{"start":{"line":12,"column":2},"end":{"line":27,"column":3}},"5":{"start":{"line":12,"column":14},"end":{"line":12,"column":15}},"6":{"start":{"line":13,"column":14},"end":{"line":13,"column":23}},"7":{"start":{"line":14,"column":14},"end":{"line":14,"column":28}},"8":{"start":{"line":16,"column":4},"end":{"line":24,"column":5}},"9":{"start":{"line":20,"column":8},"end":{"line":20,"column":53}},"10":{"start":{"line":21,"column":8},"end":{"line":21,"column":14}},"11":{"start":{"line":23,"column":8},"end":{"line":23,"column":14}},"12":{"start":{"line":26,"column":4},"end":{"line":26,"column":40}},"13":{"start":{"line":32,"column":0},"end":{"line":44,"column":1}},"14":{"start":{"line":33,"column":2},"end":{"line":34,"column":15}},"15":{"start":{"line":34,"column":2},"end":{"line":34,"column":15}},"16":{"start":{"line":35,"column":2},"end":{"line":36,"column":15}},"17":{"start":{"line":36,"column":2},"end":{"line":36,"column":15}},"18":{"start":{"line":37,"column":0},"end":{"line":43,"column":1}},"19":{"start":{"line":39,"column":6},"end":{"line":40,"column":24}},"20":{"start":{"line":39,"column":51},"end":{"line":39,"column":63}},"21":{"start":{"line":40,"column":11},"end":{"line":40,"column":24}},"22":{"start":{"line":42,"column":4},"end":{"line":42,"column":10}},"23":{"start":{"line":46,"column":0},"end":{"line":46,"column":23}}},"fnMap":{"0":{"name":"Input","decl":{"start":{"line":5,"column":9},"end":{"line":5,"column":14}},"loc":{"start":{"line":5,"column":21},"end":{"line":30,"column":1}},"line":5},"1":{"name":"(anonymous_1)","decl":{"start":{"line":32,"column":24},"end":{"line":32,"column":25}},"loc":{"start":{"line":32,"column":34},"end":{"line":44,"column":1}},"line":32}},"branchMap":{"0":{"loc":{"start":{"line":16,"column":4},"end":{"line":24,"column":5}},"type":"switch","locations":[{"start":{"line":17,"column":6},"end":{"line":17,"column":15}},{"start":{"line":18,"column":6},"end":{"line":18,"column":16}},{"start":{"line":19,"column":6},"end":{"line":21,"column":14}},{"start":{"line":22,"column":6},"end":{"line":23,"column":14}}],"line":16},"1":{"loc":{"start":{"line":33,"column":2},"end":{"line":34,"column":15}},"type":"if","locations":[{"start":{"line":33,"column":2},"end":{"line":34,"column":15}},{"start":{"line":33,"column":2},"end":{"line":34,"column":15}}],"line":33},"2":{"loc":{"start":{"line":35,"column":2},"end":{"line":36,"column":15}},"type":"if","locations":[{"start":{"line":35,"column":2},"end":{"line":36,"column":15}},{"start":{"line":35,"column":2},"end":{"line":36,"column":15}}],"line":35},"3":{"loc":{"start":{"line":37,"column":0},"end":{"line":43,"column":1}},"type":"switch","locations":[{"start":{"line":38,"column":2},"end":{"line":40,"column":24}},{"start":{"line":41,"column":2},"end":{"line":42,"column":10}}],"line":37},"4":{"loc":{"start":{"line":39,"column":6},"end":{"line":40,"column":24}},"type":"if","locations":[{"start":{"line":39,"column":6},"end":{"line":40,"column":24}},{"start":{"line":39,"column":6},"end":{"line":40,"column":24}}],"line":39}},"s":{"0":1,"1":5,"2":5,"3":5,"4":5,"5":5,"6":8,"7":8,"8":8,"9":2,"10":2,"11":6,"12":8,"13":1,"14":5,"15":5,"16":0,"17":0,"18":0,"19":0,"20":0,"21":0,"22":0,"23":1},"f":{"0":5,"1":5},"b":{"0":[2,2,2,6],"1":[5,0],"2":[0,0],"3":[0,0],"4":[0,0]},"_coverageSchema":"1a1c01bbd47fc00a2c39e90264f33305004495a9","hash":"8984336646cb2dfbb0713ac3975c7bde0750e31b"}
}
